0 info it worked if it ends with ok
1 verbose cli [ '/usr/local/Cellar/node/0.10.22/bin/node',
1 verbose cli   '/usr/local/bin/npm',
1 verbose cli   'install',
1 verbose cli   'nodejs' ]
2 info using npm@1.3.14
3 info using node@v0.10.22
4 verbose cache add [ 'nodejs', null ]
5 verbose cache add name=undefined spec="nodejs" args=["nodejs",null]
6 verbose parsed url { protocol: null,
6 verbose parsed url   slashes: null,
6 verbose parsed url   auth: null,
6 verbose parsed url   host: null,
6 verbose parsed url   port: null,
6 verbose parsed url   hostname: null,
6 verbose parsed url   hash: null,
6 verbose parsed url   search: null,
6 verbose parsed url   query: null,
6 verbose parsed url   pathname: 'nodejs',
6 verbose parsed url   path: 'nodejs',
6 verbose parsed url   href: 'nodejs' }
7 silly lockFile 9690950b-nodejs nodejs
8 verbose lock nodejs /Users/sam/.npm/9690950b-nodejs.lock
9 silly lockFile 9690950b-nodejs nodejs
10 silly lockFile 9690950b-nodejs nodejs
11 verbose addNamed [ 'nodejs', '' ]
12 verbose addNamed [ null, '*' ]
13 silly lockFile a2ebca96-nodejs nodejs@
14 verbose lock nodejs@ /Users/sam/.npm/a2ebca96-nodejs.lock
15 silly addNameRange { name: 'nodejs', range: '*', hasData: false }
16 verbose url raw nodejs
17 verbose url resolving [ 'https://registry.npmjs.org/', './nodejs' ]
18 verbose url resolved https://registry.npmjs.org/nodejs
19 info trying registry request attempt 1 at 20:34:59
20 http GET https://registry.npmjs.org/nodejs
21 http 404 https://registry.npmjs.org/nodejs
22 silly registry.get cb [ 404,
22 silly registry.get   { server: 'CouchDB/1.3.1 (Erlang OTP/R15B03)',
22 silly registry.get     date: 'Wed, 27 Nov 2013 02:35:02 GMT',
22 silly registry.get     'content-type': 'application/json',
22 silly registry.get     'content-length': '52',
22 silly registry.get     'cache-control': 'must-revalidate' } ]
23 silly lockFile a2ebca96-nodejs nodejs@
24 silly lockFile a2ebca96-nodejs nodejs@
25 error 404 'nodejs' is not in the npm registry.
25 error 404 You should bug the author to publish it
25 error 404
25 error 404 Note that you can also install from a
25 error 404 tarball, folder, or http url, or git url.
26 error System Darwin 13.0.0
27 error command "/usr/local/Cellar/node/0.10.22/bin/node" "/usr/local/bin/npm" "install" "nodejs"
28 error cwd /Users/sam/projects/mandemunited.com
29 error node -v v0.10.22
30 error npm -v 1.3.14
31 error code E404
32 verbose exit [ 1, true ]
